[19:52:34] [ServerMain/INFO]: [bootstrap] Running Java 21 (OpenJDK 64-Bit Server VM 21.0.4+7-LTS; Azul Systems, Inc. Zulu21.36+17-CA) on Windows 11 10.0 (amd64)
[19:52:34] [ServerMain/INFO]: [bootstrap] Loading Paper 1.21.1-131-ver/1.21.1@84281ce (2024-10-31T17:43:44Z) for Minecraft 1.21.1
[19:52:34] [ServerMain/INFO]: [PluginInitializerManager] Initializing plugins...
[19:52:35] [Paper Plugin Remapper Thread - 1/INFO]: [PluginRemapper] Remapping plugin 'C:\Users\ciroo\IdeaProjects\Factions\build\libs\Factions-1.0-all.jar'...
[19:52:37] [Paper Plugin Remapper Thread - 1/INFO]: [PluginRemapper] Done remapping plugin 'C:\Users\ciroo\IdeaProjects\Factions\build\libs\Factions-1.0-all.jar' in 2149ms.
[19:52:37] [ServerMain/INFO]: [PluginInitializerManager] Initialized 2 plugins
[19:52:37] [ServerMain/INFO]: [PluginInitializerManager] Bukkit plugins (2):
 - Factions (1.0), Multiverse-Core (4.3.1-b861)
[19:52:40] [ServerMain/INFO]: Environment: Environment[sessionHost=https://sessionserver.mojang.com, servicesHost=https://api.minecraftservices.com, name=PROD]
[19:52:42] [ServerMain/INFO]: Loaded 1290 recipes
[19:52:42] [ServerMain/INFO]: Loaded 1399 advancements
[19:52:42] [Server thread/INFO]: Starting minecraft server version 1.21.1
[19:52:42] [Server thread/INFO]: Loading properties
[19:52:42] [Server thread/INFO]: This server is running Paper version 1.21.1-131-ver/1.21.1@84281ce (2024-10-31T17:43:44Z) (Implementing API version 1.21.1-R0.1-SNAPSHOT)
[19:52:43] [Server thread/INFO]: [spark] This server bundles the spark profiler. For more information please visit https://docs.papermc.io/paper/profiling
[19:52:43] [Server thread/INFO]: Server Ping Player Sample Count: 12
[19:52:43] [Server thread/INFO]: Using 4 threads for Netty based IO
[19:52:43] [Server thread/INFO]: [ChunkTaskScheduler] Chunk system is using 1 I/O threads, 5 worker threads, and population gen parallelism of 5 threads
[19:52:44] [Server thread/INFO]: Default game type: SURVIVAL
[19:52:44] [Server thread/INFO]: Generating keypair
[19:52:44] [Server thread/INFO]: Starting Minecraft server on *:25565
[19:52:44] [Server thread/INFO]: Using default channel type
[19:52:44] [Server thread/INFO]: Paper: Using Java compression from Velocity.
[19:52:44] [Server thread/INFO]: Paper: Using Java cipher from Velocity.
[19:52:44] [Server thread/INFO]: [Multiverse-Core] Loading server plugin Multiverse-Core v4.3.1-b861
[19:52:44] [Server thread/INFO]: [Factions] Loading server plugin Factions v1.0
[19:52:44] [Server thread/INFO]: Server permissions file permissions.yml is empty, ignoring it
[19:52:44] [Server thread/INFO]: Preparing level "main"
[19:52:44] [Server thread/INFO]: Preparing start region for dimension minecraft:overworld
[19:52:45] [Server thread/INFO]: Time elapsed: 941 ms
[19:52:45] [Server thread/INFO]: [Multiverse-Core] Enabling Multiverse-Core v4.3.1-b861
[19:52:45] [Server thread/WARN]: [Multiverse-Core] "Multiverse-Core v4.3.1-b861" has registered a listener for org.bukkit.event.entity.EntityCreatePortalEvent on method "public void com.onarandombox.MultiverseCore.listeners.MVPortalListener.entityPortalCreate(org.bukkit.event.entity.EntityCreatePortalEvent)", but the event is Deprecated. "Server performance will be affected"; please notify the authors [dumptruckman, Rigby, fernferret, lithium3141, main--].
[19:52:45] [Server thread/INFO]: [Multiverse-Core] §aWe are aware of the warning about the deprecated event. There is no alternative that allows us to do what we need to do and performance impact is negligible. It is safe to ignore.
[19:52:45] [Server thread/INFO]: Preparing start region for dimension minecraft:nether
[19:52:45] [Server thread/INFO]: Time elapsed: 44 ms
[19:52:45] [Server thread/INFO]: Preparing start region for dimension minecraft:wilderness
[19:52:45] [Server thread/INFO]: Time elapsed: 89 ms
[19:52:46] [Server thread/INFO]: Preparing start region for dimension minecraft:end
[19:52:46] [Server thread/INFO]: Time elapsed: 66 ms
[19:52:46] [Server thread/INFO]: Preparing start region for dimension minecraft:events
[19:52:46] [Server thread/INFO]: Time elapsed: 48 ms
[19:52:46] [Server thread/INFO]: [Multiverse-Core] 5 - World(s) loaded.
[19:52:46] [Server thread/WARN]: [Multiverse-Core] Buscript failed to load! The script command will be disabled! If you would like not to see this message, use `/mv conf enablebuscript false` to disable Buscript from loading.
[19:52:46] [Server thread/INFO]: [Multiverse-Core] Version 4.3.1-b861 (API v24) Enabled - By dumptruckman, Rigby, fernferret, lithium3141 and main--
[19:52:46] [Server thread/INFO]: [Factions] Enabling Factions v1.0
[19:52:46] [Server thread/INFO]: mongodb+srv://ciroandressanchezbuitrago:0ZK8VHIRSJglJBMM@personal.p0j5b.mongodb.net/?retryWrites=true&w=majority&appName=personal
[19:52:46] [cluster-ClusterId{value='6737ecde94c74e770b84af6e', description='personal'}-srv-personal.p0j5b.mongodb.net/INFO]: [org.mongodb.driver.cluster] Adding discovered server personal-shard-00-01.p0j5b.mongodb.net:27017 to client view of cluster
[19:52:46] [Server thread/INFO]: [org.mongodb.driver.client] MongoClient with metadata {"application": {"name": "personal"}, "driver": {"name": "mongo-java-driver|sync", "version": "5.1.0"}, "os": {"type": "Windows", "name": "Windows 11", "architecture": "amd64", "version": "10.0"}, "platform": "Java/Azul Systems, Inc./21.0.4+7-LTS"} created with settings MongoClientSettings{readPreference=primary, writeConcern=WriteConcern{w=majority, wTimeout=null ms, journal=null}, retryWrites=true, retryReads=true, readConcern=ReadConcern{level=null}, credential=MongoCredential{mechanism=null, userName='ciroandressanchezbuitrago', source='admin', password=<hidden>, mechanismProperties=<hidden>}, transportSettings=null, commandListeners=[], codecRegistry=ProvidersCodecRegistry{codecProviders=[ValueCodecProvider{}, BsonValueCodecProvider{}, DBRefCodecProvider{}, DBObjectCodecProvider{}, DocumentCodecProvider{}, CollectionCodecProvider{}, IterableCodecProvider{}, MapCodecProvider{}, GeoJsonCodecProvider{}, GridFSFileCodecProvider{}, Jsr310CodecProvider{}, JsonObjectCodecProvider{}, BsonCodecProvider{}, EnumCodecProvider{}, com.mongodb.client.model.mql.ExpressionCodecProvider@23a4bb89, com.mongodb.Jep395RecordCodecProvider@471afdb0, com.mongodb.KotlinCodecProvider@4095c3a1]}, loggerSettings=LoggerSettings{maxDocumentLength=1000}, clusterSettings={hosts=[127.0.0.1:27017], srvHost=personal.p0j5b.mongodb.net, srvServiceName=mongodb, mode=MULTIPLE, requiredClusterType=REPLICA_SET, requiredReplicaSetName='atlas-fx124u-shard-0', serverSelector='null', clusterListeners='[]', serverSelectionTimeout='30000 ms', localThreshold='15 ms'}, socketSettings=SocketSettings{connectTimeoutMS=10000, readTimeoutMS=0, receiveBufferSize=0, proxySettings=ProxySettings{host=null, port=null, username=null, password=null}}, heartbeatSocketSettings=SocketSettings{connectTimeoutMS=10000, readTimeoutMS=10000, receiveBufferSize=0, proxySettings=ProxySettings{host=null, port=null, username=null, password=null}}, connectionPoolSettings=ConnectionPoolSettings{maxSize=100, minSize=0, maxWaitTimeMS=120000, maxConnectionLifeTimeMS=0, maxConnectionIdleTimeMS=0, maintenanceInitialDelayMS=0, maintenanceFrequencyMS=60000, connectionPoolListeners=[], maxConnecting=2}, serverSettings=ServerSettings{heartbeatFrequencyMS=10000, minHeartbeatFrequencyMS=500, serverMonitoringMode=AUTO, serverListeners='[]', serverMonitorListeners='[]'}, sslSettings=SslSettings{enabled=true, invalidHostNameAllowed=false, context=null}, applicationName='personal', compressorList=[], uuidRepresentation=UNSPECIFIED, serverApi=null, autoEncryptionSettings=null, dnsClient=null, inetAddressResolver=null, contextProvider=null}
[19:52:46] [cluster-ClusterId{value='6737ecde94c74e770b84af6e', description='personal'}-srv-personal.p0j5b.mongodb.net/INFO]: [org.mongodb.driver.cluster] Adding discovered server personal-shard-00-00.p0j5b.mongodb.net:27017 to client view of cluster
[19:52:46] [cluster-ClusterId{value='6737ecde94c74e770b84af6e', description='personal'}-srv-personal.p0j5b.mongodb.net/INFO]: [org.mongodb.driver.cluster] Adding discovered server personal-shard-00-02.p0j5b.mongodb.net:27017 to client view of cluster
[19:52:47] [cluster-ClusterId{value='6737ecde94c74e770b84af6e', description='personal'}-personal-shard-00-01.p0j5b.mongodb.net:27017/INFO]: [org.mongodb.driver.cluster] Monitor thread successfully connected to server with description ServerDescription{address=personal-shard-00-01.p0j5b.mongodb.net:27017, type=REPLICA_SET_PRIMARY, state=CONNECTED, ok=true, minWireVersion=0, maxWireVersion=21, maxDocumentSize=16777216, logicalSessionTimeoutMinutes=30, roundTripTimeNanos=319383900, setName='atlas-fx124u-shard-0', canonicalAddress=personal-shard-00-01.p0j5b.mongodb.net:27017, hosts=[personal-shard-00-02.p0j5b.mongodb.net:27017, personal-shard-00-01.p0j5b.mongodb.net:27017, personal-shard-00-00.p0j5b.mongodb.net:27017], passives=[], arbiters=[], primary='personal-shard-00-01.p0j5b.mongodb.net:27017', tagSet=TagSet{[Tag{name='availabilityZone', value='use1-az1'}, Tag{name='diskState', value='READY'}, Tag{name='nodeType', value='ELECTABLE'}, Tag{name='provider', value='AWS'}, Tag{name='region', value='US_EAST_1'}, Tag{name='workloadType', value='OPERATIONAL'}]}, electionId=7fffffff00000000000003b5, setVersion=150, topologyVersion=TopologyVersion{processId=6735e267f362b85d39e5e93d, counter=6}, lastWriteDate=Fri Nov 15 19:52:50 COT 2024, lastUpdateTimeNanos=111419095602300}
[19:52:47] [cluster-ClusterId{value='6737ecde94c74e770b84af6e', description='personal'}-personal-shard-00-00.p0j5b.mongodb.net:27017/INFO]: [org.mongodb.driver.cluster] Monitor thread successfully connected to server with description ServerDescription{address=personal-shard-00-00.p0j5b.mongodb.net:27017, type=REPLICA_SET_SECONDARY, state=CONNECTED, ok=true, minWireVersion=0, maxWireVersion=21, maxDocumentSize=16777216, logicalSessionTimeoutMinutes=30, roundTripTimeNanos=316394000, setName='atlas-fx124u-shard-0', canonicalAddress=personal-shard-00-00.p0j5b.mongodb.net:27017, hosts=[personal-shard-00-02.p0j5b.mongodb.net:27017, personal-shard-00-01.p0j5b.mongodb.net:27017, personal-shard-00-00.p0j5b.mongodb.net:27017], passives=[], arbiters=[], primary='personal-shard-00-01.p0j5b.mongodb.net:27017', tagSet=TagSet{[Tag{name='availabilityZone', value='use1-az6'}, Tag{name='diskState', value='READY'}, Tag{name='nodeType', value='ELECTABLE'}, Tag{name='provider', value='AWS'}, Tag{name='region', value='US_EAST_1'}, Tag{name='workloadType', value='OPERATIONAL'}]}, electionId=null, setVersion=150, topologyVersion=TopologyVersion{processId=6735e32f70750926c9619165, counter=4}, lastWriteDate=Fri Nov 15 19:52:50 COT 2024, lastUpdateTimeNanos=111419095602400}
[19:52:47] [cluster-ClusterId{value='6737ecde94c74e770b84af6e', description='personal'}-personal-shard-00-02.p0j5b.mongodb.net:27017/INFO]: [org.mongodb.driver.cluster] Monitor thread successfully connected to server with description ServerDescription{address=personal-shard-00-02.p0j5b.mongodb.net:27017, type=REPLICA_SET_SECONDARY, state=CONNECTED, ok=true, minWireVersion=0, maxWireVersion=21, maxDocumentSize=16777216, logicalSessionTimeoutMinutes=30, roundTripTimeNanos=319390500, setName='atlas-fx124u-shard-0', canonicalAddress=personal-shard-00-02.p0j5b.mongodb.net:27017, hosts=[personal-shard-00-02.p0j5b.mongodb.net:27017, personal-shard-00-01.p0j5b.mongodb.net:27017, personal-shard-00-00.p0j5b.mongodb.net:27017], passives=[], arbiters=[], primary='personal-shard-00-01.p0j5b.mongodb.net:27017', tagSet=TagSet{[Tag{name='availabilityZone', value='use1-az2'}, Tag{name='diskState', value='READY'}, Tag{name='nodeType', value='ELECTABLE'}, Tag{name='provider', value='AWS'}, Tag{name='region', value='US_EAST_1'}, Tag{name='workloadType', value='OPERATIONAL'}]}, electionId=null, setVersion=150, topologyVersion=TopologyVersion{processId=6735e493211cf764f4d0fd3b, counter=3}, lastWriteDate=Fri Nov 15 19:52:50 COT 2024, lastUpdateTimeNanos=111419095603900}
[19:52:47] [cluster-ClusterId{value='6737ecde94c74e770b84af6e', description='personal'}-personal-shard-00-01.p0j5b.mongodb.net:27017/INFO]: [org.mongodb.driver.cluster] Discovered replica set primary personal-shard-00-01.p0j5b.mongodb.net:27017 with max election id 7fffffff00000000000003b5 and max set version 150
[19:52:47] [Server thread/ERROR]: Error occurred while enabling Factions v1.0 (Is it up to date?)
org.bson.codecs.configuration.CodecConfigurationException: Can't find a codec for CodecCacheKey{clazz=class me.cirosanchez.factions.model.spawn.Spawn, types=null}.
	at Factions-1.0-all-1731718355344.jar/org.bson.internal.ProvidersCodecRegistry.lambda$get$0(ProvidersCodecRegistry.java:86) ~[Factions-1.0-all-1731718355344.jar:?]
	at java.base/java.util.Optional.orElseGet(Optional.java:364) ~[?:?]
	at Factions-1.0-all-1731718355344.jar/org.bson.internal.ProvidersCodecRegistry.get(ProvidersCodecRegistry.java:79) ~[Factions-1.0-all-1731718355344.jar:?]
	at Factions-1.0-all-1731718355344.jar/org.bson.internal.ProvidersCodecRegistry.get(ProvidersCodecRegistry.java:49) ~[Factions-1.0-all-1731718355344.jar:?]
	at Factions-1.0-all-1731718355344.jar/com.mongodb.internal.operation.Operations.createFindOperation(Operations.java:188) ~[Factions-1.0-all-1731718355344.jar:?]
	at Factions-1.0-all-1731718355344.jar/com.mongodb.internal.operation.Operations.find(Operations.java:178) ~[Factions-1.0-all-1731718355344.jar:?]
	at Factions-1.0-all-1731718355344.jar/com.mongodb.internal.operation.SyncOperations.find(SyncOperations.java:99) ~[Factions-1.0-all-1731718355344.jar:?]
	at Factions-1.0-all-1731718355344.jar/com.mongodb.client.internal.FindIterableImpl.asReadOperation(FindIterableImpl.java:239) ~[Factions-1.0-all-1731718355344.jar:?]
	at Factions-1.0-all-1731718355344.jar/com.mongodb.client.internal.FindIterableImpl.asReadOperation(FindIterableImpl.java:41) ~[Factions-1.0-all-1731718355344.jar:?]
	at Factions-1.0-all-1731718355344.jar/com.mongodb.client.internal.MongoIterableImpl.execute(MongoIterableImpl.java:130) ~[Factions-1.0-all-1731718355344.jar:?]
	at Factions-1.0-all-1731718355344.jar/com.mongodb.client.internal.MongoIterableImpl.iterator(MongoIterableImpl.java:90) ~[Factions-1.0-all-1731718355344.jar:?]
	at Factions-1.0-all-1731718355344.jar/kotlin.collections.KMongoIterableKt.kCursor(KMongoIterable.kt:43) ~[Factions-1.0-all-1731718355344.jar:?]
	at Factions-1.0-all-1731718355344.jar/kotlin.collections.KMongoIterableKt.useCursor(KMongoIterable.kt:49) ~[Factions-1.0-all-1731718355344.jar:?]
	at Factions-1.0-all-1731718355344.jar/kotlin.collections.KMongoIterableKt.toList(KMongoIterable.kt:559) ~[Factions-1.0-all-1731718355344.jar:?]
	at Factions-1.0-all-1731718355344.jar/me.cirosanchez.factions.model.storage.StorageManager.readObjects(StorageManager.kt:68) ~[Factions-1.0-all-1731718355344.jar:?]
	at Factions-1.0-all-1731718355344.jar/me.cirosanchez.factions.model.storage.StorageManager.load(StorageManager.kt:45) ~[Factions-1.0-all-1731718355344.jar:?]
	at Factions-1.0-all-1731718355344.jar/me.cirosanchez.factions.Factions.onEnable(Factions.kt:48) ~[Factions-1.0-all-1731718355344.jar:?]
	at org.bukkit.plugin.java.JavaPlugin.setEnabled(JavaPlugin.java:288) ~[paper-mojangapi-1.21.1-R0.1-SNAPSHOT.jar:?]
	at io.papermc.paper.plugin.manager.PaperPluginInstanceManager.enablePlugin(PaperPluginInstanceManager.java:202) ~[paper-1.21.1.jar:1.21.1-131-84281ce]
	at io.papermc.paper.plugin.manager.PaperPluginManagerImpl.enablePlugin(PaperPluginManagerImpl.java:109) ~[paper-1.21.1.jar:1.21.1-131-84281ce]
	at org.bukkit.plugin.SimplePluginManager.enablePlugin(SimplePluginManager.java:520) ~[paper-mojangapi-1.21.1-R0.1-SNAPSHOT.jar:?]
	at org.bukkit.craftbukkit.CraftServer.enablePlugin(CraftServer.java:641) ~[paper-1.21.1.jar:1.21.1-131-84281ce]
	at org.bukkit.craftbukkit.CraftServer.enablePlugins(CraftServer.java:590) ~[paper-1.21.1.jar:1.21.1-131-84281ce]
	at net.minecraft.server.MinecraftServer.loadWorld0(MinecraftServer.java:753) ~[paper-1.21.1.jar:1.21.1-131-84281ce]
	at net.minecraft.server.MinecraftServer.loadLevel(MinecraftServer.java:515) ~[paper-1.21.1.jar:1.21.1-131-84281ce]
	at net.minecraft.server.dedicated.DedicatedServer.initServer(DedicatedServer.java:329) ~[paper-1.21.1.jar:1.21.1-131-84281ce]
	at net.minecraft.server.MinecraftServer.runServer(MinecraftServer.java:1214) ~[paper-1.21.1.jar:1.21.1-131-84281ce]
	at net.minecraft.server.MinecraftServer.lambda$spin$0(MinecraftServer.java:329) ~[paper-1.21.1.jar:1.21.1-131-84281ce]
	at java.base/java.lang.Thread.run(Thread.java:1583) ~[?:?]
[19:52:47] [Server thread/INFO]: [Factions] Disabling Factions v1.0
[19:52:47] [Server thread/ERROR]: Error occurred while disabling Factions v1.0
java.lang.ExceptionInInitializerError: null
	at Factions-1.0-all-1731718355344.jar/org.litote.kmongo.util.KMongoUtil.getIdValue(KMongoUtil.kt:295) ~[Factions-1.0-all-1731718355344.jar:?]
	at Factions-1.0-all-1731718355344.jar/org.litote.kmongo.MongoCollectionsKt.save(MongoCollections.kt:316) ~[Factions-1.0-all-1731718355344.jar:?]
	at Factions-1.0-all-1731718355344.jar/me.cirosanchez.factions.model.storage.StorageManager.saveObject(StorageManager.kt:58) ~[Factions-1.0-all-1731718355344.jar:?]
	at Factions-1.0-all-1731718355344.jar/me.cirosanchez.factions.model.storage.StorageManager.unload(StorageManager.kt:49) ~[Factions-1.0-all-1731718355344.jar:?]
	at Factions-1.0-all-1731718355344.jar/me.cirosanchez.factions.Factions.onDisable(Factions.kt:59) ~[Factions-1.0-all-1731718355344.jar:?]
	at org.bukkit.plugin.java.JavaPlugin.setEnabled(JavaPlugin.java:291) ~[paper-mojangapi-1.21.1-R0.1-SNAPSHOT.jar:?]
	at io.papermc.paper.plugin.manager.PaperPluginInstanceManager.disablePlugin(PaperPluginInstanceManager.java:237) ~[paper-1.21.1.jar:1.21.1-131-84281ce]
	at io.papermc.paper.plugin.manager.PaperPluginManagerImpl.disablePlugin(PaperPluginManagerImpl.java:114) ~[paper-1.21.1.jar:1.21.1-131-84281ce]
	at org.bukkit.plugin.SimplePluginManager.disablePlugin(SimplePluginManager.java:550) ~[paper-mojangapi-1.21.1-R0.1-SNAPSHOT.jar:?]
	at io.papermc.paper.plugin.manager.PaperPluginInstanceManager.enablePlugin(PaperPluginInstanceManager.java:206) ~[paper-1.21.1.jar:1.21.1-131-84281ce]
	at io.papermc.paper.plugin.manager.PaperPluginManagerImpl.enablePlugin(PaperPluginManagerImpl.java:109) ~[paper-1.21.1.jar:1.21.1-131-84281ce]
	at org.bukkit.plugin.SimplePluginManager.enablePlugin(SimplePluginManager.java:520) ~[paper-mojangapi-1.21.1-R0.1-SNAPSHOT.jar:?]
	at org.bukkit.craftbukkit.CraftServer.enablePlugin(CraftServer.java:641) ~[paper-1.21.1.jar:1.21.1-131-84281ce]
	at org.bukkit.craftbukkit.CraftServer.enablePlugins(CraftServer.java:590) ~[paper-1.21.1.jar:1.21.1-131-84281ce]
	at net.minecraft.server.MinecraftServer.loadWorld0(MinecraftServer.java:753) ~[paper-1.21.1.jar:1.21.1-131-84281ce]
	at net.minecraft.server.MinecraftServer.loadLevel(MinecraftServer.java:515) ~[paper-1.21.1.jar:1.21.1-131-84281ce]
	at net.minecraft.server.dedicated.DedicatedServer.initServer(DedicatedServer.java:329) ~[paper-1.21.1.jar:1.21.1-131-84281ce]
	at net.minecraft.server.MinecraftServer.runServer(MinecraftServer.java:1214) ~[paper-1.21.1.jar:1.21.1-131-84281ce]
	at net.minecraft.server.MinecraftServer.lambda$spin$0(MinecraftServer.java:329) ~[paper-1.21.1.jar:1.21.1-131-84281ce]
	at java.base/java.lang.Thread.run(Thread.java:1583) ~[?:?]
Caused by: java.lang.IllegalStateException: Service ClassMappingTypeService not found
	at Factions-1.0-all-1731718355344.jar/org.litote.kmongo.service.ClassMappingTypeKt.defaultService_delegate$lambda$2(ClassMappingType.kt:38) ~[Factions-1.0-all-1731718355344.jar:?]
	at Factions-1.0-all-1731718355344.jar/kotlin.SynchronizedLazyImpl.getValue(LazyJVM.kt:74) ~[Factions-1.0-all-1731718355344.jar:?]
	at Factions-1.0-all-1731718355344.jar/org.litote.kmongo.service.ClassMappingTypeKt.getDefaultService(ClassMappingType.kt:26) ~[Factions-1.0-all-1731718355344.jar:?]
	at Factions-1.0-all-1731718355344.jar/org.litote.kmongo.service.ClassMappingTypeKt.getCurrentService(ClassMappingType.kt:50) ~[Factions-1.0-all-1731718355344.jar:?]
	at Factions-1.0-all-1731718355344.jar/org.litote.kmongo.service.ClassMappingTypeKt.access$getCurrentService(ClassMappingType.kt:1) ~[Factions-1.0-all-1731718355344.jar:?]
	at Factions-1.0-all-1731718355344.jar/org.litote.kmongo.service.ClassMappingType.<init>(ClassMappingType.kt:58) ~[Factions-1.0-all-1731718355344.jar:?]
	at Factions-1.0-all-1731718355344.jar/org.litote.kmongo.service.ClassMappingType.<clinit>(ClassMappingType.kt) ~[Factions-1.0-all-1731718355344.jar:?]
	... 20 more
[19:52:47] [Server thread/INFO]: [spark] Starting background profiler...
[19:52:47] [Server thread/INFO]: [spark] The async-profiler engine is not supported for your os/arch (windows11/amd64), so the built-in Java engine will be used instead.
[19:52:47] [Server thread/INFO]: Done preparing level "main" (3.217s)
[19:52:47] [Server thread/INFO]: Running delayed init tasks
[19:52:47] [Server thread/INFO]: Done (13.971s)! For help, type "help"
[19:52:47] [Server thread/INFO]: Timings Reset
[19:53:07] [cluster-ClusterId{value='6737ecde94c74e770b84af6e', description='personal'}-personal-shard-00-00.p0j5b.mongodb.net:27017/INFO]: [org.mongodb.driver.cluster] Exception in monitor thread while connecting to server personal-shard-00-00.p0j5b.mongodb.net:27017
java.lang.IllegalStateException: zip file closed
	at java.base/java.util.zip.ZipFile.ensureOpen(ZipFile.java:846) ~[?:?]
	at java.base/java.util.zip.ZipFile.getEntry(ZipFile.java:338) ~[?:?]
	at java.base/java.util.jar.JarFile.getEntry(JarFile.java:516) ~[?:?]
	at java.base/java.util.jar.JarFile.getJarEntry(JarFile.java:471) ~[?:?]
	at org.bukkit.plugin.java.PluginClassLoader.findClass(PluginClassLoader.java:209) ~[paper-mojangapi-1.21.1-R0.1-SNAPSHOT.jar:?]
	at java.base/java.lang.ClassLoader.loadClass(ClassLoader.java:593) ~[?:?]
	at org.bukkit.plugin.java.PluginClassLoader.loadClass0(PluginClassLoader.java:169) ~[paper-mojangapi-1.21.1-R0.1-SNAPSHOT.jar:?]
	at org.bukkit.plugin.java.PluginClassLoader.loadClass(PluginClassLoader.java:164) ~[paper-mojangapi-1.21.1-R0.1-SNAPSHOT.jar:?]
	at java.base/java.lang.ClassLoader.loadClass(ClassLoader.java:526) ~[?:?]
	at Factions-1.0-all-1731718355344.jar/com.mongodb.internal.connection.DefaultServerMonitor$ServerMonitor.lookupServerDescription(DefaultServerMonitor.java:262) ~[Factions-1.0-all-1731718355344.jar:?]
	at Factions-1.0-all-1731718355344.jar/com.mongodb.internal.connection.DefaultServerMonitor$ServerMonitor.run(DefaultServerMonitor.java:173) ~[Factions-1.0-all-1731718355344.jar:?]
[19:53:07] [cluster-ClusterId{value='6737ecde94c74e770b84af6e', description='personal'}-personal-shard-00-01.p0j5b.mongodb.net:27017/INFO]: [org.mongodb.driver.cluster] Exception in monitor thread while connecting to server personal-shard-00-01.p0j5b.mongodb.net:27017
java.lang.IllegalStateException: zip file closed
	at java.base/java.util.zip.ZipFile.ensureOpen(ZipFile.java:846) ~[?:?]
	at java.base/java.util.zip.ZipFile.getEntry(ZipFile.java:338) ~[?:?]
	at java.base/java.util.jar.JarFile.getEntry(JarFile.java:516) ~[?:?]
	at java.base/java.util.jar.JarFile.getJarEntry(JarFile.java:471) ~[?:?]
	at org.bukkit.plugin.java.PluginClassLoader.findClass(PluginClassLoader.java:209) ~[paper-mojangapi-1.21.1-R0.1-SNAPSHOT.jar:?]
	at java.base/java.lang.ClassLoader.loadClass(ClassLoader.java:593) ~[?:?]
	at org.bukkit.plugin.java.PluginClassLoader.loadClass0(PluginClassLoader.java:169) ~[paper-mojangapi-1.21.1-R0.1-SNAPSHOT.jar:?]
	at org.bukkit.plugin.java.PluginClassLoader.loadClass(PluginClassLoader.java:164) ~[paper-mojangapi-1.21.1-R0.1-SNAPSHOT.jar:?]
	at java.base/java.lang.ClassLoader.loadClass(ClassLoader.java:526) ~[?:?]
	at Factions-1.0-all-1731718355344.jar/com.mongodb.internal.connection.DefaultServerMonitor$ServerMonitor.lookupServerDescription(DefaultServerMonitor.java:262) ~[Factions-1.0-all-1731718355344.jar:?]
	at Factions-1.0-all-1731718355344.jar/com.mongodb.internal.connection.DefaultServerMonitor$ServerMonitor.run(DefaultServerMonitor.java:173) ~[Factions-1.0-all-1731718355344.jar:?]
[19:53:07] [cluster-ClusterId{value='6737ecde94c74e770b84af6e', description='personal'}-personal-shard-00-02.p0j5b.mongodb.net:27017/INFO]: [org.mongodb.driver.cluster] Exception in monitor thread while connecting to server personal-shard-00-02.p0j5b.mongodb.net:27017
java.lang.IllegalStateException: zip file closed
	at java.base/java.util.zip.ZipFile.ensureOpen(ZipFile.java:846) ~[?:?]
	at java.base/java.util.zip.ZipFile.getEntry(ZipFile.java:338) ~[?:?]
	at java.base/java.util.jar.JarFile.getEntry(JarFile.java:516) ~[?:?]
	at java.base/java.util.jar.JarFile.getJarEntry(JarFile.java:471) ~[?:?]
	at org.bukkit.plugin.java.PluginClassLoader.findClass(PluginClassLoader.java:209) ~[paper-mojangapi-1.21.1-R0.1-SNAPSHOT.jar:?]
	at java.base/java.lang.ClassLoader.loadClass(ClassLoader.java:593) ~[?:?]
	at org.bukkit.plugin.java.PluginClassLoader.loadClass0(PluginClassLoader.java:169) ~[paper-mojangapi-1.21.1-R0.1-SNAPSHOT.jar:?]
	at org.bukkit.plugin.java.PluginClassLoader.loadClass(PluginClassLoader.java:164) ~[paper-mojangapi-1.21.1-R0.1-SNAPSHOT.jar:?]
	at java.base/java.lang.ClassLoader.loadClass(ClassLoader.java:526) ~[?:?]
	at Factions-1.0-all-1731718355344.jar/com.mongodb.internal.connection.DefaultServerMonitor$ServerMonitor.lookupServerDescription(DefaultServerMonitor.java:262) ~[Factions-1.0-all-1731718355344.jar:?]
	at Factions-1.0-all-1731718355344.jar/com.mongodb.internal.connection.DefaultServerMonitor$ServerMonitor.run(DefaultServerMonitor.java:173) ~[Factions-1.0-all-1731718355344.jar:?]
[19:53:07] [cluster-ClusterId{value='6737ecde94c74e770b84af6e', description='personal'}-personal-shard-00-00.p0j5b.mongodb.net:27017/ERROR]: [org.mongodb.driver.cluster] Server monitor for ServerId{clusterId=ClusterId{value='6737ecde94c74e770b84af6e', description='personal'}, address=personal-shard-00-00.p0j5b.mongodb.net:27017} exiting with exception
java.lang.IllegalStateException: zip file closed
	at java.base/java.util.zip.ZipFile.ensureOpen(ZipFile.java:846) ~[?:?]
	at java.base/java.util.zip.ZipFile.getEntry(ZipFile.java:338) ~[?:?]
	at java.base/java.util.jar.JarFile.getEntry(JarFile.java:516) ~[?:?]
	at java.base/java.util.jar.JarFile.getJarEntry(JarFile.java:471) ~[?:?]
	at org.bukkit.plugin.java.PluginClassLoader.findClass(PluginClassLoader.java:209) ~[paper-mojangapi-1.21.1-R0.1-SNAPSHOT.jar:?]
	at java.base/java.lang.ClassLoader.loadClass(ClassLoader.java:593) ~[?:?]
	at org.bukkit.plugin.java.PluginClassLoader.loadClass0(PluginClassLoader.java:169) ~[paper-mojangapi-1.21.1-R0.1-SNAPSHOT.jar:?]
	at org.bukkit.plugin.java.PluginClassLoader.loadClass(PluginClassLoader.java:164) ~[paper-mojangapi-1.21.1-R0.1-SNAPSHOT.jar:?]
	at java.base/java.lang.ClassLoader.loadClass(ClassLoader.java:526) ~[?:?]
	at Factions-1.0-all-1731718355344.jar/com.mongodb.internal.connection.DefaultConnectionPool$StateAndGeneration.lambda$pauseAndIncrementGeneration$1(DefaultConnectionPool.java:1534) ~[Factions-1.0-all-1731718355344.jar:?]
	at Factions-1.0-all-1731718355344.jar/com.mongodb.internal.Locks.checkedWithLock(Locks.java:61) ~[Factions-1.0-all-1731718355344.jar:?]
	at Factions-1.0-all-1731718355344.jar/com.mongodb.internal.Locks.withLock(Locks.java:55) ~[Factions-1.0-all-1731718355344.jar:?]
	at Factions-1.0-all-1731718355344.jar/com.mongodb.internal.connection.DefaultConnectionPool$StateAndGeneration.pauseAndIncrementGeneration(DefaultConnectionPool.java:1521) ~[Factions-1.0-all-1731718355344.jar:?]
	at Factions-1.0-all-1731718355344.jar/com.mongodb.internal.connection.DefaultConnectionPool.invalidate(DefaultConnectionPool.java:292) ~[Factions-1.0-all-1731718355344.jar:?]
	at Factions-1.0-all-1731718355344.jar/com.mongodb.internal.connection.DefaultSdamServerDescriptionManager.lambda$update$0(DefaultSdamServerDescriptionManager.java:80) ~[Factions-1.0-all-1731718355344.jar:?]
	at Factions-1.0-all-1731718355344.jar/com.mongodb.internal.Locks.lambda$withInterruptibleLock$1(Locks.java:69) ~[Factions-1.0-all-1731718355344.jar:?]
	at Factions-1.0-all-1731718355344.jar/com.mongodb.internal.Locks.checkedWithInterruptibleLock(Locks.java:82) ~[Factions-1.0-all-1731718355344.jar:?]
	at Factions-1.0-all-1731718355344.jar/com.mongodb.internal.Locks.withInterruptibleLock(Locks.java:75) ~[Factions-1.0-all-1731718355344.jar:?]
	at Factions-1.0-all-1731718355344.jar/com.mongodb.internal.Locks.withInterruptibleLock(Locks.java:68) ~[Factions-1.0-all-1731718355344.jar:?]
	at Factions-1.0-all-1731718355344.jar/com.mongodb.internal.connection.BaseCluster.withLock(BaseCluster.java:249) ~[Factions-1.0-all-1731718355344.jar:?]
	at Factions-1.0-all-1731718355344.jar/com.mongodb.internal.connection.AbstractMultiServerCluster.withLock(AbstractMultiServerCluster.java:54) ~[Factions-1.0-all-1731718355344.jar:?]
	at Factions-1.0-all-1731718355344.jar/com.mongodb.internal.connection.DefaultSdamServerDescriptionManager.update(DefaultSdamServerDescriptionManager.java:60) ~[Factions-1.0-all-1731718355344.jar:?]
	at Factions-1.0-all-1731718355344.jar/com.mongodb.internal.connection.DefaultServerMonitor$ServerMonitor.run(DefaultServerMonitor.java:190) ~[Factions-1.0-all-1731718355344.jar:?]
[19:53:07] [cluster-ClusterId{value='6737ecde94c74e770b84af6e', description='personal'}-personal-shard-00-01.p0j5b.mongodb.net:27017/ERROR]: [org.mongodb.driver.cluster] Server monitor for ServerId{clusterId=ClusterId{value='6737ecde94c74e770b84af6e', description='personal'}, address=personal-shard-00-01.p0j5b.mongodb.net:27017} exiting with exception
java.lang.IllegalStateException: zip file closed
	at java.base/java.util.zip.ZipFile.ensureOpen(ZipFile.java:846) ~[?:?]
	at java.base/java.util.zip.ZipFile.getEntry(ZipFile.java:338) ~[?:?]
	at java.base/java.util.jar.JarFile.getEntry(JarFile.java:516) ~[?:?]
	at java.base/java.util.jar.JarFile.getJarEntry(JarFile.java:471) ~[?:?]
	at org.bukkit.plugin.java.PluginClassLoader.findClass(PluginClassLoader.java:209) ~[paper-mojangapi-1.21.1-R0.1-SNAPSHOT.jar:?]
	at java.base/java.lang.ClassLoader.loadClass(ClassLoader.java:593) ~[?:?]
	at org.bukkit.plugin.java.PluginClassLoader.loadClass0(PluginClassLoader.java:169) ~[paper-mojangapi-1.21.1-R0.1-SNAPSHOT.jar:?]
	at org.bukkit.plugin.java.PluginClassLoader.loadClass(PluginClassLoader.java:164) ~[paper-mojangapi-1.21.1-R0.1-SNAPSHOT.jar:?]
	at java.base/java.lang.ClassLoader.loadClass(ClassLoader.java:526) ~[?:?]
	at Factions-1.0-all-1731718355344.jar/com.mongodb.internal.connection.DefaultConnectionPool$StateAndGeneration.lambda$pauseAndIncrementGeneration$1(DefaultConnectionPool.java:1534) ~[Factions-1.0-all-1731718355344.jar:?]
	at Factions-1.0-all-1731718355344.jar/com.mongodb.internal.Locks.checkedWithLock(Locks.java:61) ~[Factions-1.0-all-1731718355344.jar:?]
	at Factions-1.0-all-1731718355344.jar/com.mongodb.internal.Locks.withLock(Locks.java:55) ~[Factions-1.0-all-1731718355344.jar:?]
	at Factions-1.0-all-1731718355344.jar/com.mongodb.internal.connection.DefaultConnectionPool$StateAndGeneration.pauseAndIncrementGeneration(DefaultConnectionPool.java:1521) ~[Factions-1.0-all-1731718355344.jar:?]
	at Factions-1.0-all-1731718355344.jar/com.mongodb.internal.connection.DefaultConnectionPool.invalidate(DefaultConnectionPool.java:292) ~[Factions-1.0-all-1731718355344.jar:?]
	at Factions-1.0-all-1731718355344.jar/com.mongodb.internal.connection.DefaultSdamServerDescriptionManager.lambda$update$0(DefaultSdamServerDescriptionManager.java:80) ~[Factions-1.0-all-1731718355344.jar:?]
	at Factions-1.0-all-1731718355344.jar/com.mongodb.internal.Locks.lambda$withInterruptibleLock$1(Locks.java:69) ~[Factions-1.0-all-1731718355344.jar:?]
	at Factions-1.0-all-1731718355344.jar/com.mongodb.internal.Locks.checkedWithInterruptibleLock(Locks.java:82) ~[Factions-1.0-all-1731718355344.jar:?]
	at Factions-1.0-all-1731718355344.jar/com.mongodb.internal.Locks.withInterruptibleLock(Locks.java:75) ~[Factions-1.0-all-1731718355344.jar:?]
	at Factions-1.0-all-1731718355344.jar/com.mongodb.internal.Locks.withInterruptibleLock(Locks.java:68) ~[Factions-1.0-all-1731718355344.jar:?]
	at Factions-1.0-all-1731718355344.jar/com.mongodb.internal.connection.BaseCluster.withLock(BaseCluster.java:249) ~[Factions-1.0-all-1731718355344.jar:?]
	at Factions-1.0-all-1731718355344.jar/com.mongodb.internal.connection.AbstractMultiServerCluster.withLock(AbstractMultiServerCluster.java:54) ~[Factions-1.0-all-1731718355344.jar:?]
	at Factions-1.0-all-1731718355344.jar/com.mongodb.internal.connection.DefaultSdamServerDescriptionManager.update(DefaultSdamServerDescriptionManager.java:60) ~[Factions-1.0-all-1731718355344.jar:?]
	at Factions-1.0-all-1731718355344.jar/com.mongodb.internal.connection.DefaultServerMonitor$ServerMonitor.run(DefaultServerMonitor.java:190) ~[Factions-1.0-all-1731718355344.jar:?]
[19:53:07] [cluster-ClusterId{value='6737ecde94c74e770b84af6e', description='personal'}-personal-shard-00-02.p0j5b.mongodb.net:27017/ERROR]: [org.mongodb.driver.cluster] Server monitor for ServerId{clusterId=ClusterId{value='6737ecde94c74e770b84af6e', description='personal'}, address=personal-shard-00-02.p0j5b.mongodb.net:27017} exiting with exception
java.lang.IllegalStateException: zip file closed
	at java.base/java.util.zip.ZipFile.ensureOpen(ZipFile.java:846) ~[?:?]
	at java.base/java.util.zip.ZipFile.getEntry(ZipFile.java:338) ~[?:?]
	at java.base/java.util.jar.JarFile.getEntry(JarFile.java:516) ~[?:?]
	at java.base/java.util.jar.JarFile.getJarEntry(JarFile.java:471) ~[?:?]
	at org.bukkit.plugin.java.PluginClassLoader.findClass(PluginClassLoader.java:209) ~[paper-mojangapi-1.21.1-R0.1-SNAPSHOT.jar:?]
	at java.base/java.lang.ClassLoader.loadClass(ClassLoader.java:593) ~[?:?]
	at org.bukkit.plugin.java.PluginClassLoader.loadClass0(PluginClassLoader.java:169) ~[paper-mojangapi-1.21.1-R0.1-SNAPSHOT.jar:?]
	at org.bukkit.plugin.java.PluginClassLoader.loadClass(PluginClassLoader.java:164) ~[paper-mojangapi-1.21.1-R0.1-SNAPSHOT.jar:?]
	at java.base/java.lang.ClassLoader.loadClass(ClassLoader.java:526) ~[?:?]
	at Factions-1.0-all-1731718355344.jar/com.mongodb.internal.connection.DefaultConnectionPool$StateAndGeneration.lambda$pauseAndIncrementGeneration$1(DefaultConnectionPool.java:1534) ~[Factions-1.0-all-1731718355344.jar:?]
	at Factions-1.0-all-1731718355344.jar/com.mongodb.internal.Locks.checkedWithLock(Locks.java:61) ~[Factions-1.0-all-1731718355344.jar:?]
	at Factions-1.0-all-1731718355344.jar/com.mongodb.internal.Locks.withLock(Locks.java:55) ~[Factions-1.0-all-1731718355344.jar:?]
	at Factions-1.0-all-1731718355344.jar/com.mongodb.internal.connection.DefaultConnectionPool$StateAndGeneration.pauseAndIncrementGeneration(DefaultConnectionPool.java:1521) ~[Factions-1.0-all-1731718355344.jar:?]
	at Factions-1.0-all-1731718355344.jar/com.mongodb.internal.connection.DefaultConnectionPool.invalidate(DefaultConnectionPool.java:292) ~[Factions-1.0-all-1731718355344.jar:?]
	at Factions-1.0-all-1731718355344.jar/com.mongodb.internal.connection.DefaultSdamServerDescriptionManager.lambda$update$0(DefaultSdamServerDescriptionManager.java:80) ~[Factions-1.0-all-1731718355344.jar:?]
	at Factions-1.0-all-1731718355344.jar/com.mongodb.internal.Locks.lambda$withInterruptibleLock$1(Locks.java:69) ~[Factions-1.0-all-1731718355344.jar:?]
	at Factions-1.0-all-1731718355344.jar/com.mongodb.internal.Locks.checkedWithInterruptibleLock(Locks.java:82) ~[Factions-1.0-all-1731718355344.jar:?]
	at Factions-1.0-all-1731718355344.jar/com.mongodb.internal.Locks.withInterruptibleLock(Locks.java:75) ~[Factions-1.0-all-1731718355344.jar:?]
	at Factions-1.0-all-1731718355344.jar/com.mongodb.internal.Locks.withInterruptibleLock(Locks.java:68) ~[Factions-1.0-all-1731718355344.jar:?]
	at Factions-1.0-all-1731718355344.jar/com.mongodb.internal.connection.BaseCluster.withLock(BaseCluster.java:249) ~[Factions-1.0-all-1731718355344.jar:?]
	at Factions-1.0-all-1731718355344.jar/com.mongodb.internal.connection.AbstractMultiServerCluster.withLock(AbstractMultiServerCluster.java:54) ~[Factions-1.0-all-1731718355344.jar:?]
	at Factions-1.0-all-1731718355344.jar/com.mongodb.internal.connection.DefaultSdamServerDescriptionManager.update(DefaultSdamServerDescriptionManager.java:60) ~[Factions-1.0-all-1731718355344.jar:?]
	at Factions-1.0-all-1731718355344.jar/com.mongodb.internal.connection.DefaultServerMonitor$ServerMonitor.run(DefaultServerMonitor.java:190) ~[Factions-1.0-all-1731718355344.jar:?]
